2026-05-28 20:00:02,143 INFO __main__ — Loaded 0 previously seen job IDs
2026-05-28 20:00:03,962 INFO __main__ — Scotiabank: 10 relevant jobs found
2026-05-28 20:00:04,831 INFO __main__ — JPMorgan: 0 relevant jobs found
2026-05-28 20:00:05,928 WARNING urllib3.response — Received response with both Content-Length and Transfer-Encoding set. This is expressly forbidden by RFC 7230 sec 3.3.2. Ignoring Content-Length and attempting to process response as Transfer-Encoding: chunked.
2026-05-28 20:00:06,839 WARNING urllib3.response — Received response with both Content-Length and Transfer-Encoding set. This is expressly forbidden by RFC 7230 sec 3.3.2. Ignoring Content-Length and attempting to process response as Transfer-Encoding: chunked.
2026-05-28 20:00:06,847 INFO __main__ — BNP Paribas: 0 relevant jobs found
2026-05-29 20:00:01,817 INFO __main__ — Loaded 27 previously seen job IDs
2026-05-29 20:00:10,302 INFO scrapers.workday — RBC: 0 jobs
2026-05-29 20:00:14,201 INFO scrapers.workday — TD: 0 jobs
2026-05-29 20:00:17,387 INFO scrapers.workday — CIBC: 3 jobs
2026-05-29 20:01:32,407 INFO scrapers.workday — Capital One: 3 jobs
2026-05-29 20:01:35,623 INFO scrapers.workday — BMO: 0 jobs
2026-05-29 20:01:38,789 INFO scrapers.workday — Deutsche Bank: 0 jobs
2026-05-29 20:01:41,858 INFO scrapers.workday — Enbridge: 3 jobs
2026-05-29 20:01:44,143 INFO scrapers.workday — Brookfield Asset Management: 0 jobs
2026-05-29 20:01:49,000 INFO scrapers.workday — Accenture: 0 jobs
2026-05-29 20:01:50,367 INFO scrapers.workday — George Weston: 2 jobs
2026-05-29 20:01:51,761 INFO scrapers.workday — Loblaw: 0 jobs
2026-05-29 20:01:52,583 ERROR scrapers.workday — Bank of America Workday scraper failed: 422 Client Error: Unprocessable Entity for url: https://bankofamerica.wd1.myworkdayjobs.com/wday/cxs/bankofamerica/Global_Campus_Careers/jobs
2026-05-29 20:01:55,844 INFO scrapers.workday — Manulife: 2 jobs
2026-05-29 20:01:56,483 ERROR scrapers.workday — Sun Life Workday scraper failed: 404 Client Error: Not Found for url: https://sunlife.wd3.myworkdayjobs.com/wday/cxs/sunlife/Sunlife/jobs
2026-05-29 20:01:59,206 INFO scrapers.workday — Intact Financial: 0 jobs
2026-05-29 20:02:01,233 INFO scrapers.workday — CPP Investments: 2 jobs
2026-05-29 20:02:04,120 INFO scrapers.workday — OTPP: 0 jobs
2026-05-29 20:02:05,679 INFO scrapers.workday — CDPQ: 0 jobs
2026-05-29 20:02:07,870 INFO scrapers.workday — PSP Investments: 0 jobs
2026-05-29 20:02:08,210 ERROR scrapers.workday — Goldman Sachs Workday scraper failed: 404 Client Error: Not Found for url: https://uasys.wd5.myworkdayjobs.com/wday/cxs/uasys/GS/jobs
2026-05-29 20:02:10,803 INFO scrapers.workday — Morgan Stanley: 0 jobs
2026-05-29 20:03:31,533 INFO scrapers.workday — Barclays: 0 jobs
2026-05-29 20:03:35,094 INFO scrapers.workday — Wells Fargo: 0 jobs
2026-05-29 20:04:05,327 INFO scrapers.workday — BlackRock: 0 jobs
2026-05-29 20:04:08,355 INFO scrapers.workday — Fidelity Canada: 2 jobs
2026-05-29 20:04:11,098 INFO scrapers.workday — BDO Canada: 6 jobs
2026-05-29 20:04:15,781 INFO scrapers.workday — Couche-Tard: 0 jobs
2026-05-29 20:04:15,781 INFO __main__ — Workday (27 companies): 23 relevant jobs found
2026-05-29 20:04:16,581 INFO __main__ — Scotiabank: 4 relevant jobs found
2026-05-29 20:04:17,390 INFO __main__ — JPMorgan: 0 relevant jobs found
2026-05-29 20:04:18,444 WARNING urllib3.response — Received response with both Content-Length and Transfer-Encoding set. This is expressly forbidden by RFC 7230 sec 3.3.2. Ignoring Content-Length and attempting to process response as Transfer-Encoding: chunked.
2026-05-29 20:04:19,499 WARNING urllib3.response — Received response with both Content-Length and Transfer-Encoding set. This is expressly forbidden by RFC 7230 sec 3.3.2. Ignoring Content-Length and attempting to process response as Transfer-Encoding: chunked.
2026-05-29 20:04:19,512 INFO __main__ — BNP Paribas: 0 relevant jobs found
2026-05-29 20:04:19,934 INFO __main__ — Deloitte: 0 relevant jobs found
2026-05-29 20:04:29,926 INFO __main__ — EY: 0 relevant jobs found
2026-05-29 20:04:33,354 INFO __main__ — BCG: 0 relevant jobs found
2026-05-29 20:04:34,307 INFO __main__ — PwC: 0 relevant jobs found
2026-05-29 20:04:35,376 INFO __main__ — KPMG: 0 relevant jobs found
2026-05-29 20:04:36,145 INFO __main__ — Bell: 0 relevant jobs found
2026-05-29 20:04:36,321 ERROR __main__ — ATB Financial failed: 400 Client Error: Bad Request for url: https://apply.workable.com/api/v3/accounts/atb-financial/jobs
Traceback (most recent call last):
  File "/home/abadesha/Documents/FinancialBot/main.py", line 78, in run_scraper
    results = fn()
  File "/home/abadesha/Documents/FinancialBot/scrapers/atb.py", line 29, in scrape_atb
    resp.raise_for_status()
    ~~~~~~~~~~~~~~~~~~~~~^^
  File "/home/abadesha/Documents/FinancialBot/.venv/lib/python3.13/site-packages/requests/models.py", line 1167, in raise_for_status
    raise HTTPError(http_error_msg, response=self)
requests.exceptions.HTTPError: 400 Client Error: Bad Request for url: https://apply.workable.com/api/v3/accounts/atb-financial/jobs
2026-05-29 20:04:38,210 WARNING scrapers.canada_life — Canada Life JSON API failed: Expecting value: line 1 column 1 (char 0)
2026-05-29 20:04:39,419 INFO __main__ — Canada Life: 4 relevant jobs found
2026-05-29 20:04:40,088 INFO __main__ — Fairfax Financial: 0 relevant jobs found
2026-05-29 20:04:40,088 INFO __main__ — Total jobs scraped (before dedup): 31
2026-05-29 20:04:40,088 INFO __main__ — New jobs (not previously seen): 15
2026-05-29 20:04:40,189 INFO googleapiclient.discovery_cache — file_cache is only supported with oauth2client<4.0.0
2026-05-29 20:04:40,775 INFO emailer — Sent digest with 15 jobs to asb41@sfu.ca,meera.santosh01@gmail.com (id=19e76327b2331a35)
2026-05-29 20:04:40,778 INFO storage — Saved 42 seen job IDs
2026-05-30 20:00:01,600 INFO __main__ — Loaded 42 previously seen job IDs
2026-05-30 20:00:09,000 INFO scrapers.workday — RBC: 0 jobs
2026-05-30 20:00:12,100 INFO scrapers.workday — TD: 0 jobs
2026-05-30 20:00:15,129 INFO scrapers.workday — CIBC: 3 jobs
2026-05-30 20:01:27,908 INFO scrapers.workday — Capital One: 2 jobs
2026-05-30 20:01:30,978 INFO scrapers.workday — BMO: 0 jobs
2026-05-30 20:01:33,939 INFO scrapers.workday — Deutsche Bank: 0 jobs
2026-05-30 20:01:36,602 INFO scrapers.workday — Enbridge: 2 jobs
2026-05-30 20:01:38,531 INFO scrapers.workday — Brookfield Asset Management: 0 jobs
2026-05-30 20:01:43,147 INFO scrapers.workday — Accenture: 0 jobs
2026-05-30 20:01:44,370 INFO scrapers.workday — George Weston: 1 jobs
2026-05-30 20:01:45,545 INFO scrapers.workday — Loblaw: 0 jobs
2026-05-30 20:01:46,062 ERROR scrapers.workday — Bank of America Workday scraper failed: 422 Client Error: Unprocessable Entity for url: https://bankofamerica.wd1.myworkdayjobs.com/wday/cxs/bankofamerica/Global_Campus_Careers/jobs
2026-05-30 20:01:50,261 INFO scrapers.workday — Manulife: 2 jobs
2026-05-30 20:01:50,860 ERROR scrapers.workday — Sun Life Workday scraper failed: 404 Client Error: Not Found for url: https://sunlife.wd3.myworkdayjobs.com/wday/cxs/sunlife/Sunlife/jobs
2026-05-30 20:01:53,466 INFO scrapers.workday — Intact Financial: 0 jobs
2026-05-30 20:01:55,072 INFO scrapers.workday — CPP Investments: 2 jobs
2026-05-30 20:01:58,633 INFO scrapers.workday — OTPP: 0 jobs
2026-05-30 20:02:00,314 INFO scrapers.workday — CDPQ: 0 jobs
2026-05-30 20:02:02,302 INFO scrapers.workday — PSP Investments: 0 jobs
2026-05-30 20:02:02,652 ERROR scrapers.workday — Goldman Sachs Workday scraper failed: 404 Client Error: Not Found for url: https://uasys.wd5.myworkdayjobs.com/wday/cxs/uasys/GS/jobs
2026-05-30 20:02:04,904 INFO scrapers.workday — Morgan Stanley: 0 jobs
2026-05-30 20:03:12,448 INFO scrapers.workday — Barclays: 0 jobs
2026-05-30 20:03:15,885 INFO scrapers.workday — Wells Fargo: 0 jobs
2026-05-30 20:03:39,772 INFO scrapers.workday — BlackRock: 0 jobs
2026-05-30 20:03:43,130 INFO scrapers.workday — Fidelity Canada: 2 jobs
2026-05-30 20:03:46,121 INFO scrapers.workday — BDO Canada: 5 jobs
2026-05-30 20:03:50,152 INFO scrapers.workday — Couche-Tard: 0 jobs
2026-05-30 20:03:50,152 INFO __main__ — Workday (27 companies): 19 relevant jobs found
2026-05-30 20:03:51,259 INFO __main__ — Scotiabank: 4 relevant jobs found
2026-05-30 20:03:52,159 INFO __main__ — JPMorgan: 0 relevant jobs found
2026-05-30 20:03:53,281 WARNING urllib3.response — Received response with both Content-Length and Transfer-Encoding set. This is expressly forbidden by RFC 7230 sec 3.3.2. Ignoring Content-Length and attempting to process response as Transfer-Encoding: chunked.
2026-05-30 20:03:53,947 WARNING urllib3.response — Received response with both Content-Length and Transfer-Encoding set. This is expressly forbidden by RFC 7230 sec 3.3.2. Ignoring Content-Length and attempting to process response as Transfer-Encoding: chunked.
2026-05-30 20:03:53,956 INFO __main__ — BNP Paribas: 0 relevant jobs found
2026-05-30 20:03:54,375 INFO __main__ — Deloitte: 0 relevant jobs found
2026-05-30 20:03:57,521 INFO __main__ — EY: 0 relevant jobs found
2026-05-30 20:04:00,883 INFO __main__ — BCG: 0 relevant jobs found
2026-05-30 20:04:01,919 INFO __main__ — PwC: 0 relevant jobs found
2026-05-30 20:04:03,549 INFO __main__ — KPMG: 0 relevant jobs found
2026-05-30 20:04:04,428 INFO __main__ — Bell: 0 relevant jobs found
2026-05-30 20:04:04,581 ERROR __main__ — ATB Financial failed: 400 Client Error: Bad Request for url: https://apply.workable.com/api/v3/accounts/atb-financial/jobs
Traceback (most recent call last):
  File "/home/abadesha/Documents/FinancialBot/main.py", line 78, in run_scraper
    results = fn()
  File "/home/abadesha/Documents/FinancialBot/scrapers/atb.py", line 29, in scrape_atb
    resp.raise_for_status()
    ~~~~~~~~~~~~~~~~~~~~~^^
  File "/home/abadesha/Documents/FinancialBot/.venv/lib/python3.13/site-packages/requests/models.py", line 1167, in raise_for_status
    raise HTTPError(http_error_msg, response=self)
requests.exceptions.HTTPError: 400 Client Error: Bad Request for url: https://apply.workable.com/api/v3/accounts/atb-financial/jobs
2026-05-30 20:04:06,026 WARNING scrapers.canada_life — Canada Life JSON API failed: Expecting value: line 1 column 1 (char 0)
2026-05-30 20:04:06,892 INFO __main__ — Canada Life: 5 relevant jobs found
2026-05-30 20:04:07,499 INFO __main__ — Fairfax Financial: 0 relevant jobs found
2026-05-30 20:04:07,500 INFO __main__ — Total jobs scraped (before dedup): 28
2026-05-30 20:04:07,500 INFO __main__ — New jobs (not previously seen): 1
2026-05-30 20:04:07,618 INFO googleapiclient.discovery_cache — file_cache is only supported with oauth2client<4.0.0
2026-05-30 20:04:08,169 INFO emailer — Sent digest with 1 jobs to asb41@sfu.ca,meera.santosh01@gmail.com (id=19e7b5858f5eb582)
2026-05-30 20:04:08,169 INFO storage — Saved 43 seen job IDs
2026-05-31 20:00:02,031 INFO __main__ — Loaded 43 previously seen job IDs
2026-05-31 20:00:11,557 INFO scrapers.workday — RBC: 0 jobs
2026-05-31 20:00:14,722 INFO scrapers.workday — TD: 0 jobs
2026-05-31 20:00:17,746 INFO scrapers.workday — CIBC: 2 jobs
2026-05-31 20:01:27,373 INFO scrapers.workday — Capital One: 1 jobs
2026-05-31 20:01:30,408 INFO scrapers.workday — BMO: 0 jobs
2026-05-31 20:01:33,625 INFO scrapers.workday — Deutsche Bank: 0 jobs
2026-05-31 20:01:38,814 INFO scrapers.workday — Enbridge: 0 jobs
2026-05-31 20:01:40,954 INFO scrapers.workday — Brookfield Asset Management: 0 jobs
2026-05-31 20:01:45,886 INFO scrapers.workday — Accenture: 0 jobs
2026-05-31 20:01:47,083 INFO scrapers.workday — George Weston: 0 jobs
2026-05-31 20:01:48,441 INFO scrapers.workday — Loblaw: 0 jobs
2026-05-31 20:01:48,637 ERROR scrapers.workday — Bank of America Workday scraper failed: 422 Client Error: Unprocessable Entity for url: https://bankofamerica.wd1.myworkdayjobs.com/wday/cxs/bankofamerica/Global_Campus_Careers/jobs
2026-05-31 20:01:51,650 INFO scrapers.workday — Manulife: 2 jobs
2026-05-31 20:01:52,214 ERROR scrapers.workday — Sun Life Workday scraper failed: 404 Client Error: Not Found for url: https://sunlife.wd3.myworkdayjobs.com/wday/cxs/sunlife/Sunlife/jobs
2026-05-31 20:01:54,820 INFO scrapers.workday — Intact Financial: 0 jobs
2026-05-31 20:01:56,174 INFO scrapers.workday — CPP Investments: 0 jobs
2026-05-31 20:01:58,787 INFO scrapers.workday — OTPP: 0 jobs
2026-05-31 20:02:00,168 INFO scrapers.workday — CDPQ: 0 jobs
2026-05-31 20:02:02,259 INFO scrapers.workday — PSP Investments: 0 jobs
2026-05-31 20:02:02,620 ERROR scrapers.workday — Goldman Sachs Workday scraper failed: 404 Client Error: Not Found for url: https://uasys.wd5.myworkdayjobs.com/wday/cxs/uasys/GS/jobs
2026-05-31 20:02:05,047 INFO scrapers.workday — Morgan Stanley: 0 jobs
2026-05-31 20:03:14,631 INFO scrapers.workday — Barclays: 0 jobs
2026-05-31 20:03:17,848 INFO scrapers.workday — Wells Fargo: 0 jobs
2026-05-31 20:03:40,918 INFO scrapers.workday — BlackRock: 0 jobs
2026-05-31 20:03:43,431 INFO scrapers.workday — Fidelity Canada: 1 jobs
2026-05-31 20:03:46,522 INFO scrapers.workday — BDO Canada: 5 jobs
2026-05-31 20:03:50,898 INFO scrapers.workday — Couche-Tard: 0 jobs
2026-05-31 20:03:50,898 INFO __main__ — Workday (27 companies): 11 relevant jobs found
2026-05-31 20:03:51,782 INFO __main__ — Scotiabank: 4 relevant jobs found
2026-05-31 20:03:52,511 INFO __main__ — JPMorgan: 0 relevant jobs found
2026-05-31 20:03:53,466 WARNING urllib3.response — Received response with both Content-Length and Transfer-Encoding set. This is expressly forbidden by RFC 7230 sec 3.3.2. Ignoring Content-Length and attempting to process response as Transfer-Encoding: chunked.
2026-05-31 20:03:54,343 WARNING urllib3.response — Received response with both Content-Length and Transfer-Encoding set. This is expressly forbidden by RFC 7230 sec 3.3.2. Ignoring Content-Length and attempting to process response as Transfer-Encoding: chunked.
2026-05-31 20:03:54,351 INFO __main__ — BNP Paribas: 0 relevant jobs found
2026-05-31 20:03:54,770 INFO __main__ — Deloitte: 0 relevant jobs found
2026-05-31 20:03:58,656 INFO __main__ — EY: 0 relevant jobs found
2026-05-31 20:04:00,166 INFO __main__ — BCG: 0 relevant jobs found
2026-05-31 20:04:01,080 INFO __main__ — PwC: 0 relevant jobs found
2026-05-31 20:04:02,195 INFO __main__ — KPMG: 0 relevant jobs found
2026-05-31 20:04:02,709 INFO __main__ — Bell: 0 relevant jobs found
2026-05-31 20:04:03,601 ERROR __main__ — ATB Financial failed: 400 Client Error: Bad Request for url: https://apply.workable.com/api/v3/accounts/atb-financial/jobs
Traceback (most recent call last):
  File "/home/abadesha/Documents/FinancialBot/main.py", line 78, in run_scraper
    results = fn()
  File "/home/abadesha/Documents/FinancialBot/scrapers/atb.py", line 29, in scrape_atb
    resp.raise_for_status()
    ~~~~~~~~~~~~~~~~~~~~~^^
  File "/home/abadesha/Documents/FinancialBot/.venv/lib/python3.13/site-packages/requests/models.py", line 1167, in raise_for_status
    raise HTTPError(http_error_msg, response=self)
requests.exceptions.HTTPError: 400 Client Error: Bad Request for url: https://apply.workable.com/api/v3/accounts/atb-financial/jobs
2026-05-31 20:04:05,034 WARNING scrapers.canada_life — Canada Life JSON API failed: Expecting value: line 1 column 1 (char 0)
2026-05-31 20:04:05,928 INFO __main__ — Canada Life: 5 relevant jobs found
2026-05-31 20:04:06,508 INFO __main__ — Fairfax Financial: 0 relevant jobs found
2026-05-31 20:04:06,508 INFO __main__ — Total jobs scraped (before dedup): 20
2026-05-31 20:04:06,508 INFO __main__ — New jobs (not previously seen): 0
2026-05-31 20:04:06,508 INFO __main__ — No new jobs — skipping email
2026-05-31 20:04:06,508 INFO storage — Saved 43 seen job IDs
2026-06-01 20:00:02,322 INFO __main__ — Loaded 43 previously seen job IDs
2026-06-01 20:00:11,617 INFO scrapers.workday — RBC: 0 jobs
2026-06-01 20:00:14,811 INFO scrapers.workday — TD: 0 jobs
2026-06-01 20:00:17,689 INFO scrapers.workday — CIBC: 2 jobs
2026-06-01 20:01:21,652 INFO scrapers.workday — Capital One: 0 jobs
2026-06-01 20:01:24,360 INFO scrapers.workday — BMO: 5 jobs
2026-06-01 20:01:27,690 INFO scrapers.workday — Deutsche Bank: 0 jobs
2026-06-01 20:01:30,437 INFO scrapers.workday — Enbridge: 1 jobs
2026-06-01 20:01:32,528 INFO scrapers.workday — Brookfield Asset Management: 0 jobs
2026-06-01 20:01:37,356 INFO scrapers.workday — Accenture: 0 jobs
2026-06-01 20:01:38,554 INFO scrapers.workday — George Weston: 0 jobs
2026-06-01 20:01:39,745 INFO scrapers.workday — Loblaw: 0 jobs
2026-06-01 20:01:40,069 ERROR scrapers.workday — Bank of America Workday scraper failed: 422 Client Error: Unprocessable Entity for url: https://bankofamerica.wd1.myworkdayjobs.com/wday/cxs/bankofamerica/Global_Campus_Careers/jobs
2026-06-01 20:01:43,091 INFO scrapers.workday — Manulife: 1 jobs
2026-06-01 20:01:43,759 ERROR scrapers.workday — Sun Life Workday scraper failed: 404 Client Error: Not Found for url: https://sunlife.wd3.myworkdayjobs.com/wday/cxs/sunlife/Sunlife/jobs
2026-06-01 20:01:46,210 INFO scrapers.workday — Intact Financial: 0 jobs
2026-06-01 20:01:47,531 INFO scrapers.workday — CPP Investments: 5 jobs
2026-06-01 20:01:50,059 INFO scrapers.workday — OTPP: 0 jobs
2026-06-01 20:01:51,612 INFO scrapers.workday — CDPQ: 1 jobs
2026-06-01 20:01:53,710 INFO scrapers.workday — PSP Investments: 0 jobs
2026-06-01 20:01:53,872 ERROR scrapers.workday — Goldman Sachs Workday scraper failed: 404 Client Error: Not Found for url: https://uasys.wd5.myworkdayjobs.com/wday/cxs/uasys/GS/jobs
2026-06-01 20:01:55,858 INFO scrapers.workday — Morgan Stanley: 0 jobs
2026-06-01 20:03:03,815 INFO scrapers.workday — Barclays: 0 jobs
2026-06-01 20:03:06,984 INFO scrapers.workday — Wells Fargo: 0 jobs
2026-06-01 20:03:29,714 INFO scrapers.workday — BlackRock: 0 jobs
2026-06-01 20:03:32,338 INFO scrapers.workday — Fidelity Canada: 0 jobs
2026-06-01 20:03:36,150 INFO scrapers.workday — BDO Canada: 0 jobs
2026-06-01 20:03:40,700 INFO scrapers.workday — Couche-Tard: 0 jobs
2026-06-01 20:03:40,700 INFO __main__ — Workday (27 companies): 15 relevant jobs found
2026-06-01 20:03:41,325 INFO __main__ — Scotiabank: 4 relevant jobs found
2026-06-01 20:03:42,186 INFO __main__ — JPMorgan: 0 relevant jobs found
2026-06-01 20:03:43,800 INFO __main__ — BNP Paribas: 0 relevant jobs found
2026-06-01 20:03:44,606 INFO __main__ — Deloitte: 0 relevant jobs found
2026-06-01 20:03:51,712 INFO __main__ — EY: 0 relevant jobs found
2026-06-01 20:03:54,962 INFO __main__ — BCG: 0 relevant jobs found
2026-06-01 20:03:56,595 INFO __main__ — PwC: 0 relevant jobs found
2026-06-01 20:03:57,728 INFO __main__ — KPMG: 0 relevant jobs found
2026-06-01 20:03:58,627 INFO __main__ — Bell: 0 relevant jobs found
2026-06-01 20:03:59,217 ERROR __main__ — ATB Financial failed: 400 Client Error: Bad Request for url: https://apply.workable.com/api/v3/accounts/atb-financial/jobs
Traceback (most recent call last):
  File "/home/abadesha/Documents/FinancialBot/main.py", line 78, in run_scraper
    results = fn()
  File "/home/abadesha/Documents/FinancialBot/scrapers/atb.py", line 29, in scrape_atb
    resp.raise_for_status()
    ~~~~~~~~~~~~~~~~~~~~~^^
  File "/home/abadesha/Documents/FinancialBot/.venv/lib/python3.13/site-packages/requests/models.py", line 1167, in raise_for_status
    raise HTTPError(http_error_msg, response=self)
requests.exceptions.HTTPError: 400 Client Error: Bad Request for url: https://apply.workable.com/api/v3/accounts/atb-financial/jobs
2026-06-01 20:04:01,156 WARNING scrapers.canada_life — Canada Life JSON API failed: Expecting value: line 1 column 1 (char 0)
2026-06-01 20:04:02,161 INFO __main__ — Canada Life: 5 relevant jobs found
2026-06-01 20:04:02,742 INFO __main__ — Fairfax Financial: 0 relevant jobs found
2026-06-01 20:04:02,742 INFO __main__ — Total jobs scraped (before dedup): 24
2026-06-01 20:04:02,742 INFO __main__ — New jobs (not previously seen): 15
2026-06-01 20:04:02,848 INFO googleapiclient.discovery_cache — file_cache is only supported with oauth2client<4.0.0
2026-06-01 20:04:03,421 INFO emailer — Sent digest with 15 jobs to asb41@sfu.ca,meera.santosh01@gmail.com (id=19e85a4fdac667b8)
2026-06-01 20:04:03,421 INFO storage — Saved 58 seen job IDs
2026-06-02 20:00:02,211 INFO __main__ — Loaded 58 previously seen job IDs
2026-06-02 20:00:12,215 INFO scrapers.workday — RBC: 1 jobs
2026-06-02 20:00:15,512 INFO scrapers.workday — TD: 0 jobs
2026-06-02 20:00:18,535 INFO scrapers.workday — CIBC: 0 jobs
2026-06-02 20:01:22,659 INFO scrapers.workday — Capital One: 0 jobs
2026-06-02 20:01:25,578 INFO scrapers.workday — BMO: 2 jobs
2026-06-02 20:01:28,706 INFO scrapers.workday — Deutsche Bank: 0 jobs
2026-06-02 20:01:31,434 INFO scrapers.workday — Enbridge: 2 jobs
2026-06-02 20:01:33,247 INFO scrapers.workday — Brookfield Asset Management: 0 jobs
2026-06-02 20:01:37,923 INFO scrapers.workday — Accenture: 0 jobs
2026-06-02 20:01:39,253 INFO scrapers.workday — George Weston: 0 jobs
2026-06-02 20:01:41,155 INFO scrapers.workday — Loblaw: 0 jobs
2026-06-02 20:01:41,375 ERROR scrapers.workday — Bank of America Workday scraper failed: 422 Client Error: Unprocessable Entity for url: https://bankofamerica.wd1.myworkdayjobs.com/wday/cxs/bankofamerica/Global_Campus_Careers/jobs
2026-06-02 20:01:44,354 INFO scrapers.workday — Manulife: 0 jobs
2026-06-02 20:01:44,972 ERROR scrapers.workday — Sun Life Workday scraper failed: 404 Client Error: Not Found for url: https://sunlife.wd3.myworkdayjobs.com/wday/cxs/sunlife/Sunlife/jobs
2026-06-02 20:01:47,437 INFO scrapers.workday — Intact Financial: 0 jobs
2026-06-02 20:01:49,413 INFO scrapers.workday — CPP Investments: 7 jobs
2026-06-02 20:01:52,365 INFO scrapers.workday — OTPP: 0 jobs
2026-06-02 20:01:53,729 INFO scrapers.workday — CDPQ: 2 jobs
2026-06-02 20:01:55,739 INFO scrapers.workday — PSP Investments: 0 jobs
2026-06-02 20:01:55,923 ERROR scrapers.workday — Goldman Sachs Workday scraper failed: 404 Client Error: Not Found for url: https://uasys.wd5.myworkdayjobs.com/wday/cxs/uasys/GS/jobs
2026-06-02 20:01:57,919 INFO scrapers.workday — Morgan Stanley: 0 jobs
2026-06-02 20:03:09,284 INFO scrapers.workday — Barclays: 1 jobs
2026-06-02 20:03:12,639 INFO scrapers.workday — Wells Fargo: 0 jobs
2026-06-02 20:03:34,793 INFO scrapers.workday — BlackRock: 0 jobs
2026-06-02 20:03:37,697 INFO scrapers.workday — Fidelity Canada: 1 jobs
2026-06-02 20:03:40,872 INFO scrapers.workday — BDO Canada: 0 jobs
2026-06-02 20:03:44,998 INFO scrapers.workday — Couche-Tard: 0 jobs
2026-06-02 20:03:47,214 INFO scrapers.workday — Visa: 0 jobs
2026-06-02 20:03:48,105 INFO scrapers.workday — Mastercard: 0 jobs
2026-06-02 20:03:48,105 INFO __main__ — Workday (27 companies): 16 relevant jobs found
2026-06-02 20:03:48,773 INFO __main__ — Scotiabank: 4 relevant jobs found
2026-06-02 20:03:49,497 INFO __main__ — JPMorgan: 0 relevant jobs found
2026-06-02 20:03:50,562 WARNING urllib3.response — Received response with both Content-Length and Transfer-Encoding set. This is expressly forbidden by RFC 7230 sec 3.3.2. Ignoring Content-Length and attempting to process response as Transfer-Encoding: chunked.
2026-06-02 20:03:51,419 WARNING urllib3.response — Received response with both Content-Length and Transfer-Encoding set. This is expressly forbidden by RFC 7230 sec 3.3.2. Ignoring Content-Length and attempting to process response as Transfer-Encoding: chunked.
2026-06-02 20:03:51,427 INFO __main__ — BNP Paribas: 0 relevant jobs found
2026-06-02 20:03:51,851 INFO __main__ — Deloitte: 0 relevant jobs found
2026-06-02 20:03:53,900 INFO __main__ — EY: 0 relevant jobs found
2026-06-02 20:04:00,418 INFO __main__ — BCG: 0 relevant jobs found
2026-06-02 20:04:01,386 INFO __main__ — PwC: 0 relevant jobs found
2026-06-02 20:04:02,843 INFO __main__ — KPMG: 0 relevant jobs found
2026-06-02 20:04:03,653 INFO __main__ — Bell: 0 relevant jobs found
2026-06-02 20:04:03,824 ERROR __main__ — ATB Financial failed: 400 Client Error: Bad Request for url: https://apply.workable.com/api/v3/accounts/atb-financial/jobs
Traceback (most recent call last):
  File "/home/abadesha/Documents/FinancialBot/main.py", line 80, in run_scraper
    results = fn()
  File "/home/abadesha/Documents/FinancialBot/scrapers/atb.py", line 29, in scrape_atb
    resp.raise_for_status()
    ~~~~~~~~~~~~~~~~~~~~~^^
  File "/home/abadesha/Documents/FinancialBot/.venv/lib/python3.13/site-packages/requests/models.py", line 1167, in raise_for_status
    raise HTTPError(http_error_msg, response=self)
requests.exceptions.HTTPError: 400 Client Error: Bad Request for url: https://apply.workable.com/api/v3/accounts/atb-financial/jobs
2026-06-02 20:04:05,537 WARNING scrapers.canada_life — Canada Life JSON API failed: Expecting value: line 1 column 1 (char 0)
2026-06-02 20:04:06,444 INFO __main__ — Canada Life: 6 relevant jobs found
2026-06-02 20:04:07,173 INFO __main__ — Fairfax Financial: 0 relevant jobs found
2026-06-02 20:04:07,316 INFO __main__ — Wealthsimple: 0 relevant jobs found
2026-06-02 20:04:07,317 INFO __main__ — Total jobs scraped (before dedup): 26
2026-06-02 20:04:07,317 INFO __main__ — New jobs (not previously seen): 12
Traceback (most recent call last):
  File "/home/abadesha/Documents/FinancialBot/main.py", line 112, in <module>
    main()
    ~~~~^^
  File "/home/abadesha/Documents/FinancialBot/main.py", line 102, in main
    send_digest(new_jobs)
    ~~~~~~~~~~~^^^^^^^^^^
  File "/home/abadesha/Documents/FinancialBot/emailer.py", line 61, in send_digest
    service = _get_service()
  File "/home/abadesha/Documents/FinancialBot/emailer.py", line 34, in _get_service
    creds = _run_consent(token_path)
  File "/home/abadesha/Documents/FinancialBot/emailer.py", line 39, in _run_consent
    flow = InstalledAppFlow.from_client_secrets_file(str(_BASE / "credentials.json"), SCOPES)
  File "/home/abadesha/Documents/FinancialBot/.venv/lib/python3.13/site-packages/google_auth_oauthlib/flow.py", line 198, in from_client_secrets_file
    with open(client_secrets_file, "r") as json_file:
         ~~~~^^^^^^^^^^^^^^^^^^^^^^^^^^
FileNotFoundError: [Errno 2] No such file or directory: '/home/abadesha/Documents/FinancialBot/credentials.json'
2026-06-02 17:58:38,911 INFO __main__ — Loaded 0 previously seen job IDs
2026-06-02 17:58:46,764 INFO scrapers.workday — RBC: 1 jobs
2026-06-02 17:58:49,990 INFO scrapers.workday — TD: 0 jobs
2026-06-02 17:58:52,921 INFO scrapers.workday — CIBC: 0 jobs
